MATLAB is selecting SOFTWARE OPENGL rendering.

                            < M A T L A B (R) >
                  Copyright 1984-2015 The MathWorks, Inc.
                   R2015b (8.6.0.267246) 64-bit (glnxa64)
                              August 20, 2015

 
To get started, type one of these: helpwin, helpdesk, or demo.
For product information, visit www.mathworks.com.
 
>> >> >> >> >> >> >> >> >> >> >> >> >> >> >> >> >> >> >> >> >> >> >> >> >> >> >> >> >> >> >> >> >> >> 
jj =

     1


jj =

     2


jj =

     3


jj =

     4


jj =

     5


jj =

     6


jj =

     7


jj =

     8


jj =

     9


jj =

    10


jj =

    11


jj =

    12


jj =

    13


jj =

    14


jj =

    15


jj =

    16


jj =

    17


jj =

    18


jj =

    19


jj =

    20


jj =

    21


jj =

    22


jj =

    23


jj =

    24


jj =

    25


jj =

    26


jj =

    27


jj =

    28


jj =

    29


jj =

    30


jj =

    31


jj =

    32


jj =

    33


jj =

    34


jj =

    35


jj =

    36


jj =

    37


jj =

    38


jj =

    39


jj =

    40


jj =

    41


jj =

    42


jj =

    43


jj =

    44


jj =

    45


jj =

    46


jj =

    47


jj =

    48


jj =

    49


jj =

    50


jj =

    51

>> >> >> >> >> >> >> >> >> >> >> >> >> >> >> >> >> >> >> >> >> 